[debug] [2021-12-05T07:52:26.855Z] ----------------------------------------------------------------------
[debug] [2021-12-05T07:52:26.857Z] Command:       C:\Program Files (x86)\nodejs\node.exe C:\Users\Mustu\AppData\Roaming\npm\node_modules\firebase-tools\lib\bin\firebase.js init
[debug] [2021-12-05T07:52:26.857Z] CLI Version:   9.16.5
[debug] [2021-12-05T07:52:26.857Z] Platform:      win32
[debug] [2021-12-05T07:52:26.857Z] Node Version:  v16.13.0
[debug] [2021-12-05T07:52:26.862Z] Time:          Sun Dec 05 2021 13:22:26 GMT+0530 (India Standard Time)
[debug] [2021-12-05T07:52:26.863Z] ----------------------------------------------------------------------
[debug] 
[debug] [2021-12-05T07:52:26.875Z] >>> [apiv2][query] GET https://firebase-public.firebaseio.com/cli.json [none]
[debug] [2021-12-05T07:52:26.917Z] > command requires scopes: ["email","openid","https://www.googleapis.com/auth/cloudplatformprojects.readonly","https://www.googleapis.com/auth/firebase","https://www.googleapis.com/auth/cloud-platform"]
[debug] [2021-12-05T07:52:26.917Z] > authorizing via signed-in user (mahmadmustaq1920@gmail.com)
[info] 
     ######## #### ########  ######## ########     ###     ######  ########
     ##        ##  ##     ## ##       ##     ##  ##   ##  ##       ##
     ######    ##  ########  ######   ########  #########  ######  ######
     ##        ##  ##    ##  ##       ##     ## ##     ##       ## ##
     ##       #### ##     ## ######## ########  ##     ##  ######  ########

You're about to initialize a Firebase project in this directory:

  D:\code\website\food

[debug] [2021-12-05T07:52:27.738Z] <<< [apiv2][status] GET https://firebase-public.firebaseio.com/cli.json 200
[debug] [2021-12-05T07:52:27.739Z] <<< [apiv2][body] GET https://firebase-public.firebaseio.com/cli.json {"cloudBuildErrorAfter":1594252800000,"cloudBuildWarnAfter":1590019200000,"defaultNode10After":1594252800000,"minVersion":"3.0.5","node8DeploysDisabledAfter":1613390400000,"node8RuntimeDisabledAfter":1615809600000,"node8WarnAfter":1600128000000}
[info] 
=== Project Setup
[info] 
[info] First, let's associate this project directory with a Firebase project.
[info] You can create multiple project aliases by running firebase use --add, 
[info] but for now we'll just set up a default project.
[info] 
[info] i  If you want to create a project in a Google Cloud organization or folder, please use "firebase projects:create" instead, and return to this command when you've created the project. 
